Using pre-set license
Built from '2020.3/release' branch; Version is '2020.3.1f1 (77a89f25062f) revision 7841951'; Using compiler version '192528614'; Build Type 'Release'
OS: 'Windows 10 Home; OS build 19044.2006; Version 2009; 64bit' Language: 'ko' Physical Memory: 16057 MB
BatchMode: 1, IsHumanControllingUs: 0, StartBugReporterOnCrash: 0, Is64bit: 1, IsPro: 0

 COMMAND LINE ARGUMENTS:
C:\Program Files\2020.3.1f1\Editor\Unity.exe
-adb2
-batchMode
-noUpm
-name
AssetImportWorker0
-projectPath
D:/study/coding/unity3d/20220928/BounceBall_2018108254_ktg
-logFile
Logs/AssetImportWorker0.log
-srvPort
57543
Successfully changed project path to: D:/study/coding/unity3d/20220928/BounceBall_2018108254_ktg
D:/study/coding/unity3d/20220928/BounceBall_2018108254_ktg
Using Asset Import Pipeline V2.
Refreshing native plugins compatible for Editor in 54.32 ms, found 0 plugins.
Preloading 0 native plugins for Editor in 0.00 ms.
Initialize engine version: 2020.3.1f1 (77a89f25062f)
[Subsystems] Discovering subsystems at path C:/Program Files/2020.3.1f1/Editor/Data/Resources/UnitySubsystems
[Subsystems] Discovering subsystems at path D:/study/coding/unity3d/20220928/BounceBall_2018108254_ktg/Assets
GfxDevice: creating device client; threaded=0
Direct3D:
    Version:  Direct3D 11.0 [level 11.1]
    Renderer: NVIDIA GeForce MX450 (ID=0x1f97)
    Vendor:   
    VRAM:     1928 MB
    Driver:   31.0.15.1694
Initialize mono
Mono path[0] = 'C:/Program Files/2020.3.1f1/Editor/Data/Managed'
Mono path[1] = 'C:/Program Files/2020.3.1f1/Editor/Data/MonoBleedingEdge/lib/mono/unityjit'
Mono config path = 'C:/Program Files/2020.3.1f1/Editor/Data/MonoBleedingEdge/etc'
Using monoOptions --debugger-agent=transport=dt_socket,embedding=1,server=y,suspend=n,address=127.0.0.1:56424
Begin MonoManager ReloadAssembly
Registering precompiled unity dll's ...
Register platform support module: C:/Program Files/2020.3.1f1/Editor/Data/PlaybackEngines/WindowsStandaloneSupport/UnityEditor.WindowsStandalone.Extensions.dll
Registered in 0.003677 seconds.
Native extension for WindowsStandalone target not found
Refreshing native plugins compatible for Editor in 50.16 ms, found 0 plugins.
Preloading 0 native plugins for Editor in 0.00 ms.
Invoked RoslynAnalysisRunner static constructor.
RoslynAnalysisRunner will not be running.
RoslynAnalysisRunner has terminated.
Mono: successfully reloaded assembly
- Completed reload, in  2.581 seconds
Platform modules already initialized, skipping
Registering precompiled user dll's ...
Registered in 0.000905 seconds.
Begin MonoManager ReloadAssembly
Native extension for WindowsStandalone target not found
Refreshing native plugins compatible for Editor in 0.37 ms, found 0 plugins.
Preloading 0 native plugins for Editor in 0.00 ms.
Invoked RoslynAnalysisRunner static constructor.
RoslynAnalysisRunner will not be running.
RoslynAnalysisRunner has terminated.
Mono: successfully reloaded assembly
- Completed reload, in  1.885 seconds
Platform modules already initialized, skipping
========================================================================
Worker process is ready to serve import requests
Launched and connected shader compiler UnityShaderCompiler.exe after 0.07 seconds
Refreshing native plugins compatible for Editor in 0.42 ms, found 0 plugins.
Preloading 0 native plugins for Editor in 0.00 ms.
Unloading 1116 Unused Serialized files (Serialized files now loaded: 0)
System memory in use before: 59.7 MB.
System memory in use after: 59.8 MB.

Unloading 10 unused Assets to reduce memory usage. Loaded Objects now: 1559.
Total: 2.346300 ms (FindLiveObjects: 0.174400 ms CreateObjectMapping: 0.041000 ms MarkObjects: 2.008900 ms  DeleteObjects: 0.120900 ms)

========================================================================
Received Import Request.
  path: Assets/MouseFollow.cs
  artifactKey: Guid(32083818dbe7be24995cfe05935288a5) Importer(815301076,1909f56bfc062723c751e8b465ee728b)
Start importing Assets/MouseFollow.cs using Guid(32083818dbe7be24995cfe05935288a5) Importer(815301076,1909f56bfc062723c751e8b465ee728b)  -> (artifact id: '85e2e83bc0adde61210eb76f54cd3525') in 0.091663 seconds
  Import took 0.103591 seconds .

========================================================================
Received Import Request.
  Time since last request: 40.417878 seconds.
  path: Assets/MouseFollow.cs
  artifactKey: Guid(32083818dbe7be24995cfe05935288a5) Importer(815301076,1909f56bfc062723c751e8b465ee728b)
Start importing Assets/MouseFollow.cs using Guid(32083818dbe7be24995cfe05935288a5) Importer(815301076,1909f56bfc062723c751e8b465ee728b)  -> (artifact id: '78c9e42dcd28fd92410763505c0d5a4f') in 0.003462 seconds
  Import took 0.007255 seconds .

========================================================================
Received Import Request.
  Time since last request: 0.002513 seconds.
  path: Assets/MouseFollow.cs
  artifactKey: Guid(32083818dbe7be24995cfe05935288a5) Importer(815301076,1909f56bfc062723c751e8b465ee728b)
Start importing Assets/MouseFollow.cs using Guid(32083818dbe7be24995cfe05935288a5) Importer(815301076,1909f56bfc062723c751e8b465ee728b)  -> (artifact id: '78c9e42dcd28fd92410763505c0d5a4f') in 0.002361 seconds
  Import took 0.006047 seconds .

========================================================================
Received Import Request.
  Time since last request: 159.480050 seconds.
  path: Assets/MouseFollow.cs
  artifactKey: Guid(32083818dbe7be24995cfe05935288a5) Importer(815301076,1909f56bfc062723c751e8b465ee728b)
Start importing Assets/MouseFollow.cs using Guid(32083818dbe7be24995cfe05935288a5) Importer(815301076,1909f56bfc062723c751e8b465ee728b)  -> (artifact id: '334a01f142b7f9c94f3e92850ec4487a') in 0.004137 seconds
  Import took 0.009885 seconds .

========================================================================
Received Import Request.
  Time since last request: 0.006629 seconds.
  path: Assets/MouseFollow.cs
  artifactKey: Guid(32083818dbe7be24995cfe05935288a5) Importer(815301076,1909f56bfc062723c751e8b465ee728b)
Start importing Assets/MouseFollow.cs using Guid(32083818dbe7be24995cfe05935288a5) Importer(815301076,1909f56bfc062723c751e8b465ee728b)  -> (artifact id: '334a01f142b7f9c94f3e92850ec4487a') in 0.003943 seconds
  Import took 0.008981 seconds .

========================================================================
Received Import Request.
  Time since last request: 116.312923 seconds.
  path: Assets/MouseFollow.cs
  artifactKey: Guid(32083818dbe7be24995cfe05935288a5) Importer(815301076,1909f56bfc062723c751e8b465ee728b)
Start importing Assets/MouseFollow.cs using Guid(32083818dbe7be24995cfe05935288a5) Importer(815301076,1909f56bfc062723c751e8b465ee728b)  -> (artifact id: '9f0e003825829448736d3979b8e8d2ff') in 0.003968 seconds
  Import took 0.008796 seconds .

========================================================================
Received Import Request.
  Time since last request: 24.445119 seconds.
  path: Assets/MouseFollow.cs
  artifactKey: Guid(32083818dbe7be24995cfe05935288a5) Importer(815301076,1909f56bfc062723c751e8b465ee728b)
Start importing Assets/MouseFollow.cs using Guid(32083818dbe7be24995cfe05935288a5) Importer(815301076,1909f56bfc062723c751e8b465ee728b)  -> (artifact id: 'cfdadf9bb3efafb40680a4013628b768') in 0.004529 seconds
  Import took 0.009523 seconds .

========================================================================
Received Import Request.
  Time since last request: 37.749175 seconds.
  path: Assets/MouseFollow.cs
  artifactKey: Guid(32083818dbe7be24995cfe05935288a5) Importer(815301076,1909f56bfc062723c751e8b465ee728b)
Start importing Assets/MouseFollow.cs using Guid(32083818dbe7be24995cfe05935288a5) Importer(815301076,1909f56bfc062723c751e8b465ee728b)  -> (artifact id: 'd6f8c1fb57721868fe6bb41854b937f0') in 0.004501 seconds
  Import took 0.008385 seconds .

========================================================================
Received Import Request.
  Time since last request: 0.012400 seconds.
  path: Assets/MouseFollow.cs
  artifactKey: Guid(32083818dbe7be24995cfe05935288a5) Importer(815301076,1909f56bfc062723c751e8b465ee728b)
Start importing Assets/MouseFollow.cs using Guid(32083818dbe7be24995cfe05935288a5) Importer(815301076,1909f56bfc062723c751e8b465ee728b)  -> (artifact id: 'd6f8c1fb57721868fe6bb41854b937f0') in 0.002650 seconds
  Import took 0.007878 seconds .

========================================================================
Received Prepare
Registering precompiled user dll's ...
Registered in 0.000856 seconds.
Begin MonoManager ReloadAssembly
Native extension for WindowsStandalone target not found
Refreshing native plugins compatible for Editor in 0.35 ms, found 0 plugins.
Preloading 0 native plugins for Editor in 0.00 ms.
Invoked RoslynAnalysisRunner static constructor.
RoslynAnalysisRunner will not be running.
RoslynAnalysisRunner has terminated.
Mono: successfully reloaded assembly
- Completed reload, in  1.646 seconds
Platform modules already initialized, skipping
Refreshing native plugins compatible for Editor in 0.45 ms, found 0 plugins.
Preloading 0 native plugins for Editor in 0.00 ms.
Unloading 1111 Unused Serialized files (Serialized files now loaded: 0)
System memory in use before: 59.7 MB.
System memory in use after: 59.7 MB.

Unloading 5 unused Assets to reduce memory usage. Loaded Objects now: 1562.
Total: 3.053400 ms (FindLiveObjects: 0.229800 ms CreateObjectMapping: 0.069600 ms MarkObjects: 2.603100 ms  DeleteObjects: 0.148800 ms)

========================================================================
Received Prepare
Registering precompiled user dll's ...
Registered in 0.000824 seconds.
Begin MonoManager ReloadAssembly
Native extension for WindowsStandalone target not found
Refreshing native plugins compatible for Editor in 0.19 ms, found 0 plugins.
Preloading 0 native plugins for Editor in 0.00 ms.
Invoked RoslynAnalysisRunner static constructor.
RoslynAnalysisRunner will not be running.
RoslynAnalysisRunner has terminated.
Mono: successfully reloaded assembly
- Completed reload, in  0.626 seconds
Platform modules already initialized, skipping
Refreshing native plugins compatible for Editor in 0.18 ms, found 0 plugins.
Preloading 0 native plugins for Editor in 0.00 ms.
Unloading 1111 Unused Serialized files (Serialized files now loaded: 0)
System memory in use before: 59.7 MB.
System memory in use after: 59.8 MB.

Unloading 5 unused Assets to reduce memory usage. Loaded Objects now: 1565.
Total: 1.310600 ms (FindLiveObjects: 0.116500 ms CreateObjectMapping: 0.025000 ms MarkObjects: 1.111400 ms  DeleteObjects: 0.056200 ms)

========================================================================
Received Prepare
Registering precompiled user dll's ...
Registered in 0.000352 seconds.
Begin MonoManager ReloadAssembly
Native extension for WindowsStandalone target not found
Refreshing native plugins compatible for Editor in 0.17 ms, found 0 plugins.
Preloading 0 native plugins for Editor in 0.00 ms.
Invoked RoslynAnalysisRunner static constructor.
RoslynAnalysisRunner will not be running.
RoslynAnalysisRunner has terminated.
Mono: successfully reloaded assembly
- Completed reload, in  0.594 seconds
Platform modules already initialized, skipping
Refreshing native plugins compatible for Editor in 0.20 ms, found 0 plugins.
Preloading 0 native plugins for Editor in 0.00 ms.
Unloading 1111 Unused Serialized files (Serialized files now loaded: 0)
System memory in use before: 59.7 MB.
System memory in use after: 59.8 MB.

Unloading 5 unused Assets to reduce memory usage. Loaded Objects now: 1568.
Total: 1.648600 ms (FindLiveObjects: 0.142800 ms CreateObjectMapping: 0.023800 ms MarkObjects: 1.365800 ms  DeleteObjects: 0.114700 ms)

========================================================================
Received Prepare
Registering precompiled user dll's ...
Registered in 0.000403 seconds.
Begin MonoManager ReloadAssembly
Native extension for WindowsStandalone target not found
Refreshing native plugins compatible for Editor in 0.40 ms, found 0 plugins.
Preloading 0 native plugins for Editor in 0.00 ms.
Invoked RoslynAnalysisRunner static constructor.
RoslynAnalysisRunner will not be running.
RoslynAnalysisRunner has terminated.
Mono: successfully reloaded assembly
- Completed reload, in  0.609 seconds
Platform modules already initialized, skipping
Refreshing native plugins compatible for Editor in 0.18 ms, found 0 plugins.
Preloading 0 native plugins for Editor in 0.00 ms.
Unloading 1111 Unused Serialized files (Serialized files now loaded: 0)
System memory in use before: 59.7 MB.
System memory in use after: 59.8 MB.

Unloading 5 unused Assets to reduce memory usage. Loaded Objects now: 1571.
Total: 1.568500 ms (FindLiveObjects: 0.206500 ms CreateObjectMapping: 0.051800 ms MarkObjects: 1.237400 ms  DeleteObjects: 0.071700 ms)

========================================================================
Received Prepare
Registering precompiled user dll's ...
Registered in 0.000495 seconds.
Begin MonoManager ReloadAssembly
Native extension for WindowsStandalone target not found
Refreshing native plugins compatible for Editor in 0.17 ms, found 0 plugins.
Preloading 0 native plugins for Editor in 0.00 ms.
Invoked RoslynAnalysisRunner static constructor.
RoslynAnalysisRunner will not be running.
RoslynAnalysisRunner has terminated.
Mono: successfully reloaded assembly
- Completed reload, in  0.605 seconds
Platform modules already initialized, skipping
Refreshing native plugins compatible for Editor in 0.30 ms, found 0 plugins.
Preloading 0 native plugins for Editor in 0.00 ms.
Unloading 1111 Unused Serialized files (Serialized files now loaded: 0)
System memory in use before: 59.7 MB.
System memory in use after: 59.8 MB.

Unloading 5 unused Assets to reduce memory usage. Loaded Objects now: 1574.
Total: 1.354900 ms (FindLiveObjects: 0.144800 ms CreateObjectMapping: 0.026900 ms MarkObjects: 1.114300 ms  DeleteObjects: 0.067500 ms)

========================================================================
Received Prepare
Registering precompiled user dll's ...
Registered in 0.000352 seconds.
Begin MonoManager ReloadAssembly
Native extension for WindowsStandalone target not found
Refreshing native plugins compatible for Editor in 0.17 ms, found 0 plugins.
Preloading 0 native plugins for Editor in 0.00 ms.
Invoked RoslynAnalysisRunner static constructor.
RoslynAnalysisRunner will not be running.
RoslynAnalysisRunner has terminated.
Mono: successfully reloaded assembly
- Completed reload, in  0.614 seconds
Platform modules already initialized, skipping
Refreshing native plugins compatible for Editor in 0.17 ms, found 0 plugins.
Preloading 0 native plugins for Editor in 0.00 ms.
Unloading 1111 Unused Serialized files (Serialized files now loaded: 0)
System memory in use before: 59.7 MB.
System memory in use after: 59.8 MB.

Unloading 5 unused Assets to reduce memory usage. Loaded Objects now: 1577.
Total: 1.383800 ms (FindLiveObjects: 0.105600 ms CreateObjectMapping: 0.022100 ms MarkObjects: 1.200900 ms  DeleteObjects: 0.054300 ms)

========================================================================
Received Prepare
Registering precompiled user dll's ...
Registered in 0.000350 seconds.
Begin MonoManager ReloadAssembly
Native extension for WindowsStandalone target not found
Refreshing native plugins compatible for Editor in 0.17 ms, found 0 plugins.
Preloading 0 native plugins for Editor in 0.00 ms.
Invoked RoslynAnalysisRunner static constructor.
RoslynAnalysisRunner will not be running.
RoslynAnalysisRunner has terminated.
Mono: successfully reloaded assembly
- Completed reload, in  0.625 seconds
Platform modules already initialized, skipping
Refreshing native plugins compatible for Editor in 0.20 ms, found 0 plugins.
Preloading 0 native plugins for Editor in 0.00 ms.
Unloading 1111 Unused Serialized files (Serialized files now loaded: 0)
System memory in use before: 59.7 MB.
System memory in use after: 59.8 MB.

Unloading 5 unused Assets to reduce memory usage. Loaded Objects now: 1580.
Total: 1.362400 ms (FindLiveObjects: 0.139800 ms CreateObjectMapping: 0.027900 ms MarkObjects: 1.133100 ms  DeleteObjects: 0.060100 ms)

========================================================================
Received Prepare
Registering precompiled user dll's ...
Registered in 0.000404 seconds.
Begin MonoManager ReloadAssembly
Native extension for WindowsStandalone target not found
Refreshing native plugins compatible for Editor in 0.21 ms, found 0 plugins.
Preloading 0 native plugins for Editor in 0.00 ms.
Invoked RoslynAnalysisRunner static constructor.
RoslynAnalysisRunner will not be running.
RoslynAnalysisRunner has terminated.
Mono: successfully reloaded assembly
- Completed reload, in  0.619 seconds
Platform modules already initialized, skipping
Refreshing native plugins compatible for Editor in 0.18 ms, found 0 plugins.
Preloading 0 native plugins for Editor in 0.00 ms.
Unloading 1111 Unused Serialized files (Serialized files now loaded: 0)
System memory in use before: 59.7 MB.
System memory in use after: 59.8 MB.

Unloading 5 unused Assets to reduce memory usage. Loaded Objects now: 1583.
Total: 1.435600 ms (FindLiveObjects: 0.110800 ms CreateObjectMapping: 0.024200 ms MarkObjects: 1.235100 ms  DeleteObjects: 0.063700 ms)

========================================================================
Received Prepare
Registering precompiled user dll's ...
Registered in 0.000344 seconds.
Begin MonoManager ReloadAssembly
Native extension for WindowsStandalone target not found
Refreshing native plugins compatible for Editor in 0.17 ms, found 0 plugins.
Preloading 0 native plugins for Editor in 0.00 ms.
Invoked RoslynAnalysisRunner static constructor.
RoslynAnalysisRunner will not be running.
RoslynAnalysisRunner has terminated.
Mono: successfully reloaded assembly
- Completed reload, in  0.593 seconds
Platform modules already initialized, skipping
Refreshing native plugins compatible for Editor in 0.18 ms, found 0 plugins.
Preloading 0 native plugins for Editor in 0.00 ms.
Unloading 1111 Unused Serialized files (Serialized files now loaded: 0)
System memory in use before: 59.7 MB.
System memory in use after: 59.8 MB.

Unloading 5 unused Assets to reduce memory usage. Loaded Objects now: 1586.
Total: 1.800800 ms (FindLiveObjects: 0.228500 ms CreateObjectMapping: 0.046000 ms MarkObjects: 1.456100 ms  DeleteObjects: 0.068700 ms)

========================================================================
Received Prepare
Registering precompiled user dll's ...
Registered in 0.000539 seconds.
Begin MonoManager ReloadAssembly
Native extension for WindowsStandalone target not found
Refreshing native plugins compatible for Editor in 0.17 ms, found 0 plugins.
Preloading 0 native plugins for Editor in 0.00 ms.
Invoked RoslynAnalysisRunner static constructor.
RoslynAnalysisRunner will not be running.
RoslynAnalysisRunner has terminated.
Mono: successfully reloaded assembly
- Completed reload, in  0.591 seconds
Platform modules already initialized, skipping
Refreshing native plugins compatible for Editor in 0.18 ms, found 0 plugins.
Preloading 0 native plugins for Editor in 0.00 ms.
Unloading 1111 Unused Serialized files (Serialized files now loaded: 0)
System memory in use before: 59.8 MB.
System memory in use after: 59.8 MB.

Unloading 5 unused Assets to reduce memory usage. Loaded Objects now: 1589.
Total: 1.555300 ms (FindLiveObjects: 0.122000 ms CreateObjectMapping: 0.025300 ms MarkObjects: 1.341200 ms  DeleteObjects: 0.065700 ms)

========================================================================
Received Import Request.
  Time since last request: 807.570994 seconds.
  path: Assets/Blue.mat
  artifactKey: Guid(f319a15884e07de4faaf28044f72c7d7) Importer(815301076,1909f56bfc062723c751e8b465ee728b)
Start importing Assets/Blue.mat using Guid(f319a15884e07de4faaf28044f72c7d7) Importer(815301076,1909f56bfc062723c751e8b465ee728b)  -> (artifact id: '7cf82890dfef5408f7e7ca1b9c655862') in 0.089064 seconds
  Import took 0.100379 seconds .

========================================================================
Received Prepare
Registering precompiled user dll's ...
Registered in 0.000379 seconds.
Begin MonoManager ReloadAssembly
Native extension for WindowsStandalone target not found
Refreshing native plugins compatible for Editor in 0.33 ms, found 0 plugins.
Preloading 0 native plugins for Editor in 0.00 ms.
Invoked RoslynAnalysisRunner static constructor.
RoslynAnalysisRunner will not be running.
RoslynAnalysisRunner has terminated.
Mono: successfully reloaded assembly
- Completed reload, in  0.597 seconds
Platform modules already initialized, skipping
Refreshing native plugins compatible for Editor in 0.18 ms, found 0 plugins.
Preloading 0 native plugins for Editor in 0.00 ms.
Unloading 1111 Unused Serialized files (Serialized files now loaded: 0)
System memory in use before: 63.1 MB.
System memory in use after: 63.2 MB.

Unloading 5 unused Assets to reduce memory usage. Loaded Objects now: 1632.
Total: 1.399900 ms (FindLiveObjects: 0.145400 ms CreateObjectMapping: 0.027800 ms MarkObjects: 1.165400 ms  DeleteObjects: 0.060000 ms)

========================================================================
Received Import Request.
  Time since last request: 75.249650 seconds.
  path: Assets/Red.mat
  artifactKey: Guid(c0a73d2b208f96942b7f209539e1c683) Importer(815301076,1909f56bfc062723c751e8b465ee728b)
Start importing Assets/Red.mat using Guid(c0a73d2b208f96942b7f209539e1c683) Importer(815301076,1909f56bfc062723c751e8b465ee728b)  -> (artifact id: '03f5a6e04121e995b455c93ad95a57ed') in 0.071272 seconds
  Import took 0.073516 seconds .

========================================================================
Received Prepare
Registering precompiled user dll's ...
Registered in 0.000502 seconds.
Begin MonoManager ReloadAssembly
Native extension for WindowsStandalone target not found
Refreshing native plugins compatible for Editor in 0.20 ms, found 0 plugins.
Preloading 0 native plugins for Editor in 0.00 ms.
Invoked RoslynAnalysisRunner static constructor.
RoslynAnalysisRunner will not be running.
RoslynAnalysisRunner has terminated.
Mono: successfully reloaded assembly
- Completed reload, in  0.628 seconds
Platform modules already initialized, skipping
Refreshing native plugins compatible for Editor in 0.18 ms, found 0 plugins.
Preloading 0 native plugins for Editor in 0.00 ms.
Unloading 1111 Unused Serialized files (Serialized files now loaded: 0)
System memory in use before: 63.1 MB.
System memory in use after: 63.2 MB.

Unloading 5 unused Assets to reduce memory usage. Loaded Objects now: 1636.
Total: 1.618000 ms (FindLiveObjects: 0.127700 ms CreateObjectMapping: 0.022700 ms MarkObjects: 1.401800 ms  DeleteObjects: 0.064900 ms)

========================================================================
Received Import Request.
  Time since last request: 318.369805 seconds.
  path: Assets/Blue.mat
  artifactKey: Guid(f319a15884e07de4faaf28044f72c7d7) Importer(815301076,1909f56bfc062723c751e8b465ee728b)
Start importing Assets/Blue.mat using Guid(f319a15884e07de4faaf28044f72c7d7) Importer(815301076,1909f56bfc062723c751e8b465ee728b)  -> (artifact id: 'fd56af35a6a2b69419040c1efe05607a') in 0.054288 seconds
  Import took 0.056663 seconds .

========================================================================
Received Import Request.
  Time since last request: 0.000327 seconds.
  path: Assets/Red.mat
  artifactKey: Guid(c0a73d2b208f96942b7f209539e1c683) Importer(815301076,1909f56bfc062723c751e8b465ee728b)
Start importing Assets/Red.mat using Guid(c0a73d2b208f96942b7f209539e1c683) Importer(815301076,1909f56bfc062723c751e8b465ee728b)  -> (artifact id: '96a6ba9b1c3bfebeac072d22baf0b5b6') in 0.012076 seconds
  Import took 0.013969 seconds .

========================================================================
Received Prepare
Registering precompiled user dll's ...
Registered in 0.000405 seconds.
Begin MonoManager ReloadAssembly
Native extension for WindowsStandalone target not found
Refreshing native plugins compatible for Editor in 0.17 ms, found 0 plugins.
Preloading 0 native plugins for Editor in 0.00 ms.
Invoked RoslynAnalysisRunner static constructor.
RoslynAnalysisRunner will not be running.
RoslynAnalysisRunner has terminated.
Mono: successfully reloaded assembly
- Completed reload, in  0.635 seconds
Platform modules already initialized, skipping
Refreshing native plugins compatible for Editor in 0.19 ms, found 0 plugins.
Preloading 0 native plugins for Editor in 0.00 ms.
Unloading 1111 Unused Serialized files (Serialized files now loaded: 0)
System memory in use before: 63.1 MB.
System memory in use after: 63.2 MB.

Unloading 5 unused Assets to reduce memory usage. Loaded Objects now: 1640.
Total: 5.374000 ms (FindLiveObjects: 0.236400 ms CreateObjectMapping: 0.223600 ms MarkObjects: 4.820300 ms  DeleteObjects: 0.091100 ms)

========================================================================
Received Import Request.
  Time since last request: 298.899764 seconds.
  path: Assets/mania-done-20220319141835_bgoecbnh.jpg
  artifactKey: Guid(9a9a157817c296a4095f615b8e9e7082) Importer(815301076,1909f56bfc062723c751e8b465ee728b)
Start importing Assets/mania-done-20220319141835_bgoecbnh.jpg using Guid(9a9a157817c296a4095f615b8e9e7082) Importer(815301076,1909f56bfc062723c751e8b465ee728b)  -> (artifact id: 'b3dd59bd534020a0a55fbe3782d2d092') in 0.046732 seconds
  Import took 0.049015 seconds .

========================================================================
Received Import Request.
  Time since last request: 242.720449 seconds.
  path: Assets/6e3744270de241fb878775f1b81b8af5.jpg
  artifactKey: Guid(99bdfe4432464ba40ab5dc91a027954a) Importer(815301076,1909f56bfc062723c751e8b465ee728b)
Start importing Assets/6e3744270de241fb878775f1b81b8af5.jpg using Guid(99bdfe4432464ba40ab5dc91a027954a) Importer(815301076,1909f56bfc062723c751e8b465ee728b)  -> (artifact id: '3c7499638ca8156806780440260be6c0') in 0.025339 seconds
  Import took 0.028384 seconds .

========================================================================
Received Prepare
Registering precompiled user dll's ...
Registered in 0.000477 seconds.
Begin MonoManager ReloadAssembly
Native extension for WindowsStandalone target not found
Refreshing native plugins compatible for Editor in 0.18 ms, found 0 plugins.
Preloading 0 native plugins for Editor in 0.00 ms.
Invoked RoslynAnalysisRunner static constructor.
RoslynAnalysisRunner will not be running.
RoslynAnalysisRunner has terminated.
Mono: successfully reloaded assembly
- Completed reload, in  0.620 seconds
Platform modules already initialized, skipping
Refreshing native plugins compatible for Editor in 0.18 ms, found 0 plugins.
Preloading 0 native plugins for Editor in 0.00 ms.
Unloading 1111 Unused Serialized files (Serialized files now loaded: 0)
System memory in use before: 63.1 MB.
System memory in use after: 63.2 MB.

Unloading 5 unused Assets to reduce memory usage. Loaded Objects now: 1645.
Total: 1.275000 ms (FindLiveObjects: 0.117700 ms CreateObjectMapping: 0.026900 ms MarkObjects: 1.079800 ms  DeleteObjects: 0.049900 ms)

========================================================================
Received Prepare
Registering precompiled user dll's ...
Registered in 0.000367 seconds.
Begin MonoManager ReloadAssembly
Native extension for WindowsStandalone target not found
Refreshing native plugins compatible for Editor in 0.19 ms, found 0 plugins.
Preloading 0 native plugins for Editor in 0.00 ms.
Invoked RoslynAnalysisRunner static constructor.
RoslynAnalysisRunner will not be running.
RoslynAnalysisRunner has terminated.
Mono: successfully reloaded assembly
- Completed reload, in  0.612 seconds
Platform modules already initialized, skipping
Refreshing native plugins compatible for Editor in 0.18 ms, found 0 plugins.
Preloading 0 native plugins for Editor in 0.00 ms.
Unloading 1111 Unused Serialized files (Serialized files now loaded: 0)
System memory in use before: 63.1 MB.
System memory in use after: 63.2 MB.

Unloading 5 unused Assets to reduce memory usage. Loaded Objects now: 1648.
Total: 1.443500 ms (FindLiveObjects: 0.124100 ms CreateObjectMapping: 0.024200 ms MarkObjects: 1.237300 ms  DeleteObjects: 0.056900 ms)

========================================================================
Received Prepare
Registering precompiled user dll's ...
Registered in 0.000533 seconds.
Begin MonoManager ReloadAssembly
Native extension for WindowsStandalone target not found
Refreshing native plugins compatible for Editor in 0.23 ms, found 0 plugins.
Preloading 0 native plugins for Editor in 0.00 ms.
Invoked RoslynAnalysisRunner static constructor.
RoslynAnalysisRunner will not be running.
RoslynAnalysisRunner has terminated.
Mono: successfully reloaded assembly
- Completed reload, in  0.608 seconds
Platform modules already initialized, skipping
Refreshing native plugins compatible for Editor in 0.18 ms, found 0 plugins.
Preloading 0 native plugins for Editor in 0.00 ms.
Unloading 1111 Unused Serialized files (Serialized files now loaded: 0)
System memory in use before: 63.2 MB.
System memory in use after: 63.2 MB.

Unloading 5 unused Assets to reduce memory usage. Loaded Objects now: 1651.
Total: 3.369700 ms (FindLiveObjects: 0.170000 ms CreateObjectMapping: 0.038300 ms MarkObjects: 3.081500 ms  DeleteObjects: 0.078300 ms)

AssetImportWorkerClient::OnTransportError - code=2 error=End of file
